#! /usr/bin/vvp
:ivl_version "12.0 (stable)" "(v12_0-dirty)";
:ivl_delay_selection "TYPICAL";
:vpi_time_precision + 0;
:vpi_module "/usr/lib/ivl/system.vpi";
:vpi_module "/usr/lib/ivl/vhdl_sys.vpi";
:vpi_module "/usr/lib/ivl/vhdl_textio.vpi";
:vpi_module "/usr/lib/ivl/v2005_math.vpi";
:vpi_module "/usr/lib/ivl/va_math.vpi";
S_0x585534406dc0 .scope module, "thehell_tb" "thehell_tb" 2 2;
 .timescale 0 0;
v0x58553441e1d0_0 .var "btn1", 0 0;
v0x58553441e290_0 .var "btn2", 0 0;
v0x58553441e380_0 .var "clk", 0 0;
v0x58553441e470_0 .net "led", 5 0, L_0x58553441e560;  1 drivers
S_0x585534406f50 .scope module, "uut" "thehell" 2 9, 3 16 0, S_0x585534406dc0;
 .timescale 0 0;
    .port_info 0 /INPUT 1 "clk";
    .port_info 1 /INPUT 1 "btn1";
    .port_info 2 /INPUT 1 "btn2";
    .port_info 3 /OUTPUT 6 "led";
L_0x58553441e560 .functor NOT 6, v0x58553441e0d0_0, C4<000000>, C4<000000>, C4<000000>;
v0x58553441dcf0_0 .net "btn1", 0 0, v0x58553441e1d0_0;  1 drivers
v0x58553441ddb0_0 .net "btn2", 0 0, v0x58553441e290_0;  1 drivers
L_0x7b5cb1ca6018 .functor BUFT 1, C4<0>, C4<0>, C4<0>, C4<0>;
RS_0x7b5cb1cef078 .resolv tri, v0x58553441daf0_0, L_0x7b5cb1ca6018;
v0x58553441de70_0 .net8 "btn2reg", 0 0, RS_0x7b5cb1cef078;  2 drivers
v0x58553441df10_0 .net "clk", 0 0, v0x58553441e380_0;  1 drivers
v0x58553441dfe0_0 .net "led", 5 0, L_0x58553441e560;  alias, 1 drivers
v0x58553441e0d0_0 .var "leds", 5 0;
S_0x585534409cf0 .scope module, "debouncer" "debounced_signal" 3 25, 3 1 0, S_0x585534406f50;
 .timescale 0 0;
    .port_info 0 /INPUT 1 "pb_1";
    .port_info 1 /INPUT 1 "clk";
    .port_info 2 /OUTPUT 1 "pb_out";
v0x5855343f5190_0 .net "clk", 0 0, v0x58553441e380_0;  alias, 1 drivers
v0x58553441da30_0 .net "pb_1", 0 0, v0x58553441e290_0;  alias, 1 drivers
v0x58553441daf0_0 .var "pb_out", 0 0;
v0x58553441db90_0 .var "shift_reg", 2 0;
E_0x5855343ce4f0 .event posedge, v0x5855343f5190_0;
    .scope S_0x585534409cf0;
T_0 ;
    %wait E_0x5855343ce4f0;
    %load/vec4 v0x58553441db90_0;
    %parti/s 2, 0, 2;
    %load/vec4 v0x58553441da30_0;
    %concat/vec4; draw_concat_vec4
    %assign/vec4 v0x58553441db90_0, 0;
    %load/vec4 v0x58553441db90_0;
    %pushi/vec4 7, 0, 3;
    %cmp/e;
    %flag_get/vec4 4;
    %assign/vec4 v0x58553441daf0_0, 0;
    %jmp T_0;
    .thread T_0;
    .scope S_0x585534406f50;
T_1 ;
    %pushi/vec4 0, 0, 6;
    %store/vec4 v0x58553441e0d0_0, 0, 6;
    %end;
    .thread T_1;
    .scope S_0x585534406f50;
T_2 ;
    %wait E_0x5855343ce4f0;
    %load/vec4 v0x58553441dcf0_0;
    %nor/r;
    %flag_set/vec4 8;
    %jmp/0xz  T_2.0, 8;
    %pushi/vec4 0, 0, 6;
    %assign/vec4 v0x58553441e0d0_0, 0;
    %jmp T_2.1;
T_2.0 ;
    %load/vec4 v0x58553441de70_0;
    %flag_set/vec4 8;
    %jmp/0xz  T_2.2, 8;
    %load/vec4 v0x58553441e0d0_0;
    %addi 1, 0, 6;
    %assign/vec4 v0x58553441e0d0_0, 0;
T_2.2 ;
T_2.1 ;
    %jmp T_2;
    .thread T_2;
    .scope S_0x585534406dc0;
T_3 ;
    %pushi/vec4 0, 0, 1;
    %store/vec4 v0x58553441e380_0, 0, 1;
    %pushi/vec4 1, 0, 1;
    %store/vec4 v0x58553441e1d0_0, 0, 1;
    %pushi/vec4 1, 0, 1;
    %store/vec4 v0x58553441e290_0, 0, 1;
    %end;
    .thread T_3;
    .scope S_0x585534406dc0;
T_4 ;
    %delay 5, 0;
    %load/vec4 v0x58553441e380_0;
    %inv;
    %store/vec4 v0x58553441e380_0, 0, 1;
    %jmp T_4;
    .thread T_4;
    .scope S_0x585534406dc0;
T_5 ;
    %delay 10, 0;
    %pushi/vec4 0, 0, 1;
    %store/vec4 v0x58553441e1d0_0, 0, 1;
    %delay 10, 0;
    %pushi/vec4 1, 0, 1;
    %store/vec4 v0x58553441e1d0_0, 0, 1;
    %delay 50, 0;
    %pushi/vec4 0, 0, 1;
    %store/vec4 v0x58553441e290_0, 0, 1;
    %delay 10, 0;
    %pushi/vec4 1, 0, 1;
    %store/vec4 v0x58553441e290_0, 0, 1;
    %delay 50, 0;
    %pushi/vec4 0, 0, 1;
    %store/vec4 v0x58553441e290_0, 0, 1;
    %delay 10, 0;
    %pushi/vec4 1, 0, 1;
    %store/vec4 v0x58553441e290_0, 0, 1;
    %delay 200, 0;
    %vpi_call 2 29 "$finish" {0 0 0};
    %end;
    .thread T_5;
# The file index is used to find the file name in the following table.
:file_names 4;
    "N/A";
    "<interactive>";
    "thehell_tb.v";
    "thehell.v";
